#
# A fatal error has been detected by the Java Runtime Environment:
#
#  SIGSEGV (0xb) at pc=0x00007fff8b879097, pid=79090, tid=1287
#
# JRE version: Java(TM) SE Runtime Environment (7.0_40-b43) (build 1.7.0_40-b43)
# Java VM: Java HotSpot(TM) 64-Bit Server VM (24.0-b56 mixed mode bsd-amd64 compressed oops)
# Problematic frame:
# C  [libobjc.A.dylib+0x5097]  objc_msgSend+0x17
#
# Failed to write core dump. Core dumps have been disabled. To enable core dumping, try "ulimit -c unlimited" before starting Java again
#
# If you would like to submit a bug report, please visit:
#   http://bugreport.sun.com/bugreport/crash.jsp
# The crash happened outside the Java Virtual Machine in native code.
# See problematic frame for where to report the bug.
#

---------------  T H R E A D  ---------------

Current thread (0x00007f89ba120800):  JavaThread "AppKit Thread" daemon [_thread_in_native, id=1287, stack(0x00007fff56804000,0x00007fff56884000)]

siginfo:si_signo=SIGSEGV: si_errno=0, si_code=1 (SEGV_MAPERR), si_addr=0x00000000beb00018

Registers:
RAX=0x00007f89b9476130, RBX=0x00000000000f42fd, RCX=0x0000000000000000, RDX=0x00007f89b9530960
RSP=0x00007fff5687f568, RBP=0x00007fff5687f570, RSI=0x00007fff885e2b9f, RDI=0x00007f89b9476130
R8 =0x0000000000000040, R9 =0x00007fff5687f500, R10=0x00007fff885e2b9f, R11=0x00000000beb00000
R12=0x00000000000f42fd, R13=0x00007fff5687f738, R14=0x00007f89b9568ca0, R15=0x00007fff5687f698
RIP=0x00007fff8b879097, EFLAGS=0x0000000000010246, ERR=0x0000000000000004
  TRAPNO=0x000000000000000e

Top of Stack: (sp=0x00007fff5687f568)
0x00007fff5687f568:   00007fff858cee0c 00007fff5687f8d0
0x00007fff5687f578:   00007fff857c2a6d 0000000000000003
0x00007fff5687f588:   0000000109399e00 00007fff5687f5d0
0x00007fff5687f598:   00007fff86430272 00000000000007c8
0x00007fff5687f5a8:   00000000000f42ff 0000000000000002
0x00007fff5687f5b8:   00007f89b9480e30 00007f89b9480770
0x00007fff5687f5c8:   00007f89b951c880 00007f89b9530960
0x00007fff5687f5d8:   00007fff5687f690 0000000000000000
0x00007fff5687f5e8:   00000000000f42fd 0000000000000053
0x00007fff5687f5f8:   00007fff5687f710 0000000000000000
0x00007fff5687f608:   0000000000000001 00007f89b951c870
0x00007fff5687f618:   000000000000004f 00000000012547e4
0x00007fff5687f628:   0000010000000000 00007fff74ed5a60
0x00007fff5687f638:   0000206000e216ea 0000000000000000
0x00007fff5687f648:   0000000000000000 00007fff5687f728
0x00007fff5687f658:   00007fff5687f708 00007fff74ed5a48
0x00007fff5687f668:   0000000000000000 0000000000000010
0x00007fff5687f678:   00007fff8ce216ea 00007fff74d6fd38
0x00007fff5687f688:   0000000000000000 00007f89b9480eb0
0x00007fff5687f698:   00007f89b9568ca0 0000000000000000
0x00007fff5687f6a8:   00007fff8ce214a9 0000000000000000
0x00007fff5687f6b8:   00007fff753a5738 00007fff74d2cd58
0x00007fff5687f6c8:   00007fff74d2cd58 00007fff5687f770
0x00007fff5687f6d8:   00007fff8ce22261 00007fff753a5748
0x00007fff5687f6e8:   00007fff753a574c 00000000753a11b8
0x00007fff5687f6f8:   00007fff753a5738 0000000009395001
0x00007fff5687f708:   00007fff753a5750 000000000000004d
0x00007fff5687f718:   0000000000000000 00000000000f42e2
0x00007fff5687f728:   000000000000004f 0000000000000000
0x00007fff5687f738:   00000000000f42fd 000000015687f7e0
0x00007fff5687f748:   00007fff8ce22261 00007fff753a5748
0x00007fff5687f758:   00007fff753a574c 00000000753a11b8 

Instructions: (pc=0x00007fff8b879097)
0x00007fff8b879077:   90 90 90 90 90 90 90 90 90 48 85 ff 2e 74 72 40
0x00007fff8b879087:   f6 c7 01 2e 0f 85 7e 00 00 00 4c 8b 1f 49 89 f2
0x00007fff8b879097:   45 23 53 18 49 c1 e2 04 4d 03 53 10 49 3b 32 75
0x00007fff8b8790a7:   04 41 ff 62 08 49 83 3a 00 74 74 4d 3b 53 10 74 

Register to memory mapping:

RAX=0x00007f89b9476130 is an unknown value
RBX=0x00000000000f42fd is an unknown value
RCX=0x0000000000000000 is an unknown value
RDX=0x00007f89b9530960 is an unknown value
RSP=0x00007fff5687f568 is pointing into the stack for thread: 0x00007f89ba120800
RBP=0x00007fff5687f570 is pointing into the stack for thread: 0x00007f89ba120800
RSI=0x00007fff885e2b9f: NSAppKitVersionNumber+0x5358f in /System/Library/Frameworks/AppKit.framework/Versions/C/AppKit at 0x00007fff87b3f000
RDI=0x00007f89b9476130 is an unknown value
R8 =0x0000000000000040 is an unknown value
R9 =0x00007fff5687f500 is pointing into the stack for thread: 0x00007f89ba120800
R10=0x00007fff885e2b9f: NSAppKitVersionNumber+0x5358f in /System/Library/Frameworks/AppKit.framework/Versions/C/AppKit at 0x00007fff87b3f000
R11=0x00000000beb00000 is an unknown value
R12=0x00000000000f42fd is an unknown value
R13=0x00007fff5687f738 is pointing into the stack for thread: 0x00007f89ba120800
R14=0x00007f89b9568ca0 is an unknown value
R15=0x00007fff5687f698 is pointing into the stack for thread: 0x00007f89ba120800


Stack: [0x00007fff56804000,0x00007fff56884000],  sp=0x00007fff5687f568,  free space=493k
Native frames: (J=compiled Java code, j=interpreted, Vv=VM code, C=native code)
C  [libobjc.A.dylib+0x5097]  objc_msgSend+0x17
C  [CoreFoundation+0x10a6d]  _CFXNotificationPost+0xb4d
C  [Foundation+0x27ba]  -[NSNotificationCenter postNotificationName:object:userInfo:]+0x44
C  [AppKit+0x10f719]  -[NSSurface _disposeSurface]+0x98
C  [AppKit+0x10f1b5]  -[NSSurface setWindow:]+0x46
C  [AppKit+0x3b0b7]  -[NSView _setWindow:]+0x8ea
C  [AppKit+0x3c10a]  -[NSView removeFromSuperview]+0x15e
C  [AppKit+0x98889]  -[NSView removeFromSuperviewWithoutNeedingDisplay]+0x26
C  [liblwjgl.jnilib+0x936e]  +[MacOSXKeyableWindow destroyWindow]+0xde
C  [Foundation+0x6313e]  __NSThreadPerformPerform+0xe5
C  [CoreFoundation+0x7f731]  __CFRUNLOOP_IS_CALLING_OUT_TO_A_SOURCE0_PERFORM_FUNCTION__+0x11
C  [CoreFoundation+0x70ea2]  __CFRunLoopDoSources0+0xf2
C  [CoreFoundation+0x7062f]  __CFRunLoopRun+0x33f
C  [CoreFoundation+0x700b5]  CFRunLoopRunSpecific+0x135
C  [HIToolbox+0x2ea0d]  RunCurrentEventLoopInMode+0xe2
C  [HIToolbox+0x2e7b7]  ReceiveNextEventCommon+0x1df
C  [HIToolbox+0x2e5bc]  _BlockUntilNextEventMatchingListInModeWithFilter+0x41
C  [AppKit+0x243de]  _DPSNextEvent+0x59a
C  [AppKit+0x23a2b]  -[NSApplication nextEventMatchingMask:untilDate:inMode:dequeue:]+0x7a
C  [libosxapp.dylib+0x16f4]  -[NSApplicationAWT nextEventMatchingMask:untilDate:inMode:dequeue:]+0x7c
C  [AppKit+0x17b2c]  -[NSApplication run]+0x229
C  [libosxapp.dylib+0x1557]  +[NSApplicationAWT runAWTLoopWithApp:]+0x9c
C  [liblwawt.dylib+0xdb99]  -[AWTStarter starter:]+0x369
C  [Foundation+0x6313e]  __NSThreadPerformPerform+0xe5
C  [CoreFoundation+0x7f731]  __CFRUNLOOP_IS_CALLING_OUT_TO_A_SOURCE0_PERFORM_FUNCTION__+0x11
C  [CoreFoundation+0x70ea2]  __CFRunLoopDoSources0+0xf2
C  [CoreFoundation+0x7062f]  __CFRunLoopRun+0x33f
C  [CoreFoundation+0x700b5]  CFRunLoopRunSpecific+0x135
C  [java+0x73b0]  CreateExecutionEnvironment+0x367
C  [java+0x1b5c]  JLI_Launch+0x7a0
C  [java+0x770d]  main+0x65
C  [java+0x13b4]  start+0x34


---------------  P R O C E S S  ---------------

Java Threads: ( => current thread )
  0x00007f89ba022000 JavaThread "AWT-Shutdown" [_thread_blocked, id=27915, stack(0x0000000115979000,0x0000000115a79000)]
  0x00007f89b980a800 JavaThread "DestroyJavaVM" [_thread_blocked, id=6403, stack(0x0000000109491000,0x0000000109591000)]
  0x00007f89ba0fa000 JavaThread "LWJGL Application" [_thread_in_native, id=70147, stack(0x000000011acee000,0x000000011adee000)]
=>0x00007f89ba120800 JavaThread "AppKit Thread" daemon [_thread_in_native, id=1287, stack(0x00007fff56804000,0x00007fff56884000)]
  0x00007f89ba81f000 JavaThread "Service Thread" daemon [_thread_blocked, id=21251, stack(0x0000000115d88000,0x0000000115e88000)]
  0x00007f89bc001000 JavaThread "C2 CompilerThread1" daemon [_thread_blocked, id=20739, stack(0x0000000115c85000,0x0000000115d85000)]
  0x00007f89ba023000 JavaThread "C2 CompilerThread0" daemon [_thread_blocked, id=20227, stack(0x0000000115b82000,0x0000000115c82000)]
  0x00007f89b9827800 JavaThread "Signal Dispatcher" daemon [_thread_blocked, id=19715, stack(0x0000000115a7f000,0x0000000115b7f000)]
  0x00007f89ba01f000 JavaThread "Finalizer" daemon [_thread_blocked, id=14595, stack(0x0000000115848000,0x0000000115948000)]
  0x00007f89b9825000 JavaThread "Reference Handler" daemon [_thread_blocked, id=14083, stack(0x0000000115745000,0x0000000115845000)]

Other Threads:
  0x00007f89ba01c000 VMThread [stack: 0x0000000115642000,0x0000000115742000] [id=13571]
  0x00007f89b9827000 WatcherThread [stack: 0x0000000115e8b000,0x0000000115f8b000] [id=21763]

VM state:not at safepoint (normal execution)

VM Mutex/Monitor currently owned by a thread: None

Heap
 PSYoungGen      total 38912K, used 14621K [0x00000007d5500000, 0x00000007d8000000, 0x0000000800000000)
  eden space 33792K, 43% used [0x00000007d5500000,0x00000007d6347558,0x00000007d7600000)
  from space 5120K, 0% used [0x00000007d7b00000,0x00000007d7b00000,0x00000007d8000000)
  to   space 5120K, 0% used [0x00000007d7600000,0x00000007d7600000,0x00000007d7b00000)
 ParOldGen       total 87040K, used 0K [0x0000000780000000, 0x0000000785500000, 0x00000007d5500000)
  object space 87040K, 0% used [0x0000000780000000,0x0000000780000000,0x0000000785500000)
 PSPermGen       total 21504K, used 6064K [0x000000077ae00000, 0x000000077c300000, 0x0000000780000000)
  object space 21504K, 28% used [0x000000077ae00000,0x000000077b3ec1a0,0x000000077c300000)

Card table byte_map: [0x000000010e112000,0x000000010e53c000] byte_map_base: 0x000000010a53b000

Polling page: 0x00000001095d0000

Code Cache  [0x000000010b052000, 0x000000010b2c2000, 0x000000010e052000)
 total_blobs=470 nmethods=147 adapters=278 free_code_cache=48523Kb largest_free_block=49664384

Compilation events (10 events):
Event: 71.310 Thread 0x00007f89ba023000  143             java.nio.Buffer::nextPutIndex (38 bytes)
Event: 71.310 Thread 0x00007f89ba023000 nmethod 143 0x000000010b0f0610 code [0x000000010b0f0740, 0x000000010b0f07b8]
Event: 71.312 Thread 0x00007f89bc001000  144             java.nio.Buffer::nextGetIndex (38 bytes)
Event: 71.312 Thread 0x00007f89bc001000 nmethod 144 0x000000010b0f03d0 code [0x000000010b0f0500, 0x000000010b0f0578]
Event: 71.596 Thread 0x00007f89ba023000  145             java.nio.HeapByteBuffer::put (167 bytes)
Event: 71.599 Thread 0x00007f89ba023000 nmethod 145 0x000000010b0eca10 code [0x000000010b0ecb80, 0x000000010b0ece38]
Event: 77.002 Thread 0x00007f89bc001000  146             java.util.ArrayList::clear (39 bytes)
Event: 77.004 Thread 0x00007f89bc001000 nmethod 146 0x000000010b0ec790 code [0x000000010b0ec8c0, 0x000000010b0ec978]
Event: 80.060 Thread 0x00007f89ba023000  147             java.util.ArrayList::size (5 bytes)
Event: 80.061 Thread 0x00007f89ba023000 nmethod 147 0x000000010b0ec590 code [0x000000010b0ec6c0, 0x000000010b0ec718]

GC Heap History (0 events):
No events

Deoptimization events (0 events):
No events

Internal exceptions (10 events):
Event: 9.023 Thread 0x00007f89ba0fa000 Threw 0x00000007d5feb840 at /HUDSON/workspace/jdk7u40-2-build-macosx-amd64-product/jdk7u40/hotspot/src/share/vm/prims/jvm.cpp:1244
Event: 9.098 Thread 0x00007f89ba0fa000 Threw 0x00000007d5ffc430 at /HUDSON/workspace/jdk7u40-2-build-macosx-amd64-product/jdk7u40/hotspot/src/share/vm/prims/jvm.cpp:1244
Event: 9.136 Thread 0x00007f89ba0fa000 Threw 0x00000007d6001f60 at /HUDSON/workspace/jdk7u40-2-build-macosx-amd64-product/jdk7u40/hotspot/src/share/vm/prims/jvm.cpp:1244
Event: 9.139 Thread 0x00007f89ba0fa000 Threw 0x00000007d6006ae8 at /HUDSON/workspace/jdk7u40-2-build-macosx-amd64-product/jdk7u40/hotspot/src/share/vm/prims/jvm.cpp:1244
Event: 9.163 Thread 0x00007f89ba0fa000 Threw 0x00000007d60148b0 at /HUDSON/workspace/jdk7u40-2-build-macosx-amd64-product/jdk7u40/hotspot/src/share/vm/prims/jvm.cpp:1244
Event: 9.164 Thread 0x00007f89ba0fa000 Threw 0x00000007d601a270 at /HUDSON/workspace/jdk7u40-2-build-macosx-amd64-product/jdk7u40/hotspot/src/share/vm/prims/jvm.cpp:1244
Event: 18.938 Thread 0x00007f89ba0fa000 Threw 0x00000007d6062328 at /HUDSON/workspace/jdk7u40-2-build-macosx-amd64-product/jdk7u40/hotspot/src/share/vm/prims/jvm.cpp:1244
Event: 18.939 Thread 0x00007f89ba0fa000 Threw 0x00000007d6067f10 at /HUDSON/workspace/jdk7u40-2-build-macosx-amd64-product/jdk7u40/hotspot/src/share/vm/prims/jvm.cpp:1244
Event: 88.065 Thread 0x00007f89ba0fa000 Threw 0x00000007d62ffd00 at /HUDSON/workspace/jdk7u40-2-build-macosx-amd64-product/jdk7u40/hotspot/src/share/vm/prims/jvm.cpp:1244
Event: 88.073 Thread 0x00007f89ba0fa000 Threw 0x00000007d6305328 at /HUDSON/workspace/jdk7u40-2-build-macosx-amd64-product/jdk7u40/hotspot/src/share/vm/prims/jvm.cpp:1244

Events (10 events):
Event: 29.917 Thread 0x00007f89bc002000 Thread exited: 0x00007f89bc002000
Event: 30.093 Thread 0x00007f89b98cc000 Thread added: 0x00007f89b98cc000
Event: 62.974 Executing VM operation: RevokeBias
Event: 62.974 Executing VM operation: RevokeBias done
Event: 62.974 Thread 0x00007f89b98cc000 Thread exited: 0x00007f89b98cc000
Event: 63.245 Thread 0x00007f89ba022000 Thread added: 0x00007f89ba022000
Event: 88.065 loading class 0x00007f89b941c850
Event: 88.065 loading class 0x00007f89b941c850 done
Event: 88.073 loading class 0x00007f89b9475380
Event: 88.073 loading class 0x00007f89b9475380 done


Dynamic libraries:
0x00000000038a9000 	/System/Library/Frameworks/Cocoa.framework/Versions/A/Cocoa
0x00000000038a9000 	/System/Library/Frameworks/Security.framework/Versions/A/Security
0x00000000038a9000 	/System/Library/Frameworks/ApplicationServices.framework/Versions/A/ApplicationServices
0x00000000038a9000 	/usr/lib/libz.1.dylib
0x00000000038a9000 	/usr/lib/libSystem.B.dylib
0x00000000038a9000 	/usr/lib/libobjc.A.dylib
0x00000000038a9000 	/System/Library/Frameworks/CoreFoundation.framework/Versions/A/CoreFoundation
0x00000000038a9000 	/System/Library/Frameworks/Foundation.framework/Versions/C/Foundation
0x00000000038a9000 	/System/Library/Frameworks/AppKit.framework/Versions/C/AppKit
0x00000000038a9000 	/System/Library/Frameworks/CoreData.framework/Versions/A/CoreData
0x00000000038a9000 	/System/Library/PrivateFrameworks/RemoteViewServices.framework/Versions/A/RemoteViewServices
0x00000000038a9000 	/System/Library/Frameworks/AudioToolbox.framework/Versions/A/AudioToolbox
0x00000000038a9000 	/System/Library/Frameworks/AudioUnit.framework/Versions/A/AudioUnit
0x00000000038a9000 	/System/Library/PrivateFrameworks/DataDetectorsCore.framework/Versions/A/DataDetectorsCore
0x00000000038a9000 	/System/Library/PrivateFrameworks/DesktopServicesPriv.framework/Versions/A/DesktopServicesPriv
0x00000000038a9000 	/System/Library/Frameworks/Carbon.framework/Versions/A/Frameworks/HIToolbox.framework/Versions/A/HIToolbox
0x00000000038a9000 	/System/Library/Frameworks/QuartzCore.framework/Versions/A/QuartzCore
0x00000000038a9000 	/System/Library/Frameworks/Carbon.framework/Versions/A/Frameworks/SpeechRecognition.framework/Versions/A/SpeechRecognition
0x00000000038a9000 	/usr/lib/libauto.dylib
0x00000000038a9000 	/usr/lib/libicucore.A.dylib
0x00000000038a9000 	/usr/lib/libxml2.2.dylib
0x00000000038a9000 	/System/Library/PrivateFrameworks/CoreUI.framework/Versions/A/CoreUI
0x00000000038a9000 	/System/Library/Frameworks/CoreAudio.framework/Versions/A/CoreAudio
0x00000000038a9000 	/System/Library/Frameworks/DiskArbitration.framework/Versions/A/DiskArbitration
0x00000000038a9000 	/usr/lib/liblangid.dylib
0x00000000038a9000 	/System/Library/PrivateFrameworks/MultitouchSupport.framework/Versions/A/MultitouchSupport
0x00000000038a9000 	/System/Library/Frameworks/IOKit.framework/Versions/A/IOKit
0x00000000038a9000 	/usr/lib/libDiagnosticMessagesClient.dylib
0x00000000038a9000 	/System/Library/Frameworks/CoreServices.framework/Versions/A/CoreServices
0x00000000038a9000 	/System/Library/PrivateFrameworks/PerformanceAnalysis.framework/Versions/A/PerformanceAnalysis
0x00000000038a9000 	/System/Library/PrivateFrameworks/GenerationalStorage.framework/Versions/A/GenerationalStorage
0x00000000038a9000 	/System/Library/Frameworks/OpenGL.framework/Versions/A/OpenGL
0x00000000038a9000 	/System/Library/PrivateFrameworks/Sharing.framework/Versions/A/Sharing
0x00000000038a9000 	/System/Library/Frameworks/ImageIO.framework/Versions/A/ImageIO
0x00000000038a9000 	/System/Library/Frameworks/CoreText.framework/Versions/A/CoreText
0x00000000038a9000 	/System/Library/Frameworks/CoreGraphics.framework/Versions/A/CoreGraphics
0x00000000038a9000 	/System/Library/PrivateFrameworks/Backup.framework/Versions/A/Backup
0x00000000038a9000 	/System/Library/Frameworks/CFNetwork.framework/Versions/A/CFNetwork
0x00000000038a9000 	/System/Library/Frameworks/SystemConfiguration.framework/Versions/A/SystemConfiguration
0x00000000038a9000 	/usr/lib/libCRFSuite.dylib
0x00000000038a9000 	/usr/lib/libc++.1.dylib
0x00000000038a9000 	/usr/lib/libc++abi.dylib
0x00000000038a9000 	/usr/lib/system/libcache.dylib
0x00000000038a9000 	/usr/lib/system/libcommonCrypto.dylib
0x00000000038a9000 	/usr/lib/system/libcompiler_rt.dylib
0x00000000038a9000 	/usr/lib/system/libcopyfile.dylib
0x00000000038a9000 	/usr/lib/system/libcorecrypto.dylib
0x00000000038a9000 	/usr/lib/system/libdispatch.dylib
0x00000000038a9000 	/usr/lib/system/libdyld.dylib
0x00000000038a9000 	/usr/lib/system/libkeymgr.dylib
0x00000000038a9000 	/usr/lib/system/liblaunch.dylib
0x00000000038a9000 	/usr/lib/system/libmacho.dylib
0x00000000038a9000 	/usr/lib/system/libquarantine.dylib
0x00000000038a9000 	/usr/lib/system/libremovefile.dylib
0x00000000038a9000 	/usr/lib/system/libsystem_asl.dylib
0x00000000038a9000 	/usr/lib/system/libsystem_blocks.dylib
0x00000000038a9000 	/usr/lib/system/libsystem_c.dylib
0x00000000038a9000 	/usr/lib/system/libsystem_configuration.dylib
0x00000000038a9000 	/usr/lib/system/libsystem_dnssd.dylib
0x00000000038a9000 	/usr/lib/system/libsystem_info.dylib
0x00000000038a9000 	/usr/lib/system/libsystem_kernel.dylib
0x00000000038a9000 	/usr/lib/system/libsystem_m.dylib
0x00000000038a9000 	/usr/lib/system/libsystem_malloc.dylib
0x00000000038a9000 	/usr/lib/system/libsystem_network.dylib
0x00000000038a9000 	/usr/lib/system/libsystem_notify.dylib
0x00000000038a9000 	/usr/lib/system/libsystem_platform.dylib
0x00000000038a9000 	/usr/lib/system/libsystem_pthread.dylib
0x00000000038a9000 	/usr/lib/system/libsystem_sandbox.dylib
0x00000000038a9000 	/usr/lib/system/libsystem_stats.dylib
0x00000000038a9000 	/usr/lib/system/libunc.dylib
0x00000000038a9000 	/usr/lib/system/libunwind.dylib
0x00000000038a9000 	/usr/lib/system/libxpc.dylib
0x00000000038a9000 	/usr/lib/libbsm.0.dylib
0x00000000038a9000 	/usr/lib/libsqlite3.dylib
0x00000000038a9000 	/usr/lib/libxar.1.dylib
0x00000000038a9000 	/usr/lib/libpam.2.dylib
0x00000000038a9000 	/usr/lib/libOpenScriptingUtil.dylib
0x00000000038a9000 	/usr/lib/libbz2.1.0.dylib
0x00000000038a9000 	/System/Library/Frameworks/CoreServices.framework/Versions/A/Frameworks/CarbonCore.framework/Versions/A/CarbonCore
0x00000000038a9000 	/System/Library/Frameworks/CoreServices.framework/Versions/A/Frameworks/Metadata.framework/Versions/A/Metadata
0x00000000038a9000 	/System/Library/Frameworks/CoreServices.framework/Versions/A/Frameworks/OSServices.framework/Versions/A/OSServices
0x00000000038a9000 	/System/Library/Frameworks/CoreServices.framework/Versions/A/Frameworks/SearchKit.framework/Versions/A/SearchKit
0x00000000038a9000 	/System/Library/Frameworks/CoreServices.framework/Versions/A/Frameworks/AE.framework/Versions/A/AE
0x00000000038a9000 	/System/Library/Frameworks/CoreServices.framework/Versions/A/Frameworks/LaunchServices.framework/Versions/A/LaunchServices
0x00000000038a9000 	/System/Library/Frameworks/CoreServices.framework/Versions/A/Frameworks/DictionaryServices.framework/Versions/A/DictionaryServices
0x00000000038a9000 	/System/Library/Frameworks/NetFS.framework/Versions/A/NetFS
0x00000000038a9000 	/usr/lib/system/libkxld.dylib
0x00000000038a9000 	/System/Library/PrivateFrameworks/NetAuth.framework/Versions/A/NetAuth
0x00000000038a9000 	/System/Library/PrivateFrameworks/TCC.framework/Versions/A/TCC
0x00000000038a9000 	/System/Library/Frameworks/OpenDirectory.framework/Versions/A/Frameworks/CFOpenDirectory.framework/Versions/A/CFOpenDirectory
0x00000000038a9000 	/System/Library/Frameworks/ServiceManagement.framework/Versions/A/ServiceManagement
0x00000000038a9000 	/usr/lib/libxslt.1.dylib
0x00000000038a9000 	/System/Library/Frameworks/Carbon.framework/Versions/A/Frameworks/Ink.framework/Versions/A/Ink
0x00000000038a9000 	/System/Library/Frameworks/ApplicationServices.framework/Versions/A/Frameworks/ATS.framework/Versions/A/ATS
0x00000000038a9000 	/System/Library/Frameworks/ApplicationServices.framework/Versions/A/Frameworks/ColorSync.framework/Versions/A/ColorSync
0x00000000038a9000 	/System/Library/Frameworks/ApplicationServices.framework/Versions/A/Frameworks/HIServices.framework/Versions/A/HIServices
0x00000000038a9000 	/System/Library/Frameworks/ApplicationServices.framework/Versions/A/Frameworks/LangAnalysis.framework/Versions/A/LangAnalysis
0x00000000038a9000 	/System/Library/Frameworks/ApplicationServices.framework/Versions/A/Frameworks/PrintCore.framework/Versions/A/PrintCore
0x00000000038a9000 	/System/Library/Frameworks/ApplicationServices.framework/Versions/A/Frameworks/QD.framework/Versions/A/QD
0x00000000038a9000 	/System/Library/Frameworks/ApplicationServices.framework/Versions/A/Frameworks/SpeechSynthesis.framework/Versions/A/SpeechSynthesis
0x00000000038a9000 	/System/Library/Frameworks/IOSurface.framework/Versions/A/IOSurface
0x00000000038a9000 	/System/Library/Frameworks/Accelerate.framework/Versions/A/Accelerate
0x00000000038a9000 	/System/Library/Frameworks/Accelerate.framework/Versions/A/Frameworks/vImage.framework/Versions/A/vImage
0x00000000038a9000 	/System/Library/Frameworks/Accelerate.framework/Versions/A/Frameworks/vecLib.framework/Versions/A/vecLib
0x00000000038a9000 	/System/Library/Frameworks/Accelerate.framework/Versions/A/Frameworks/vecLib.framework/Versions/A/libvDSP.dylib
0x00000000038a9000 	/System/Library/Frameworks/Accelerate.framework/Versions/A/Frameworks/vecLib.framework/Versions/A/libvMisc.dylib
0x00000000038a9000 	/System/Library/Frameworks/Accelerate.framework/Versions/A/Frameworks/vecLib.framework/Versions/A/libLAPACK.dylib
0x00000000038a9000 	/System/Library/Frameworks/Accelerate.framework/Versions/A/Frameworks/vecLib.framework/Versions/A/libBLAS.dylib
0x00000000038a9000 	/System/Library/Frameworks/ApplicationServices.framework/Versions/A/Frameworks/ATS.framework/Versions/A/Resources/libFontParser.dylib
0x00000000038a9000 	/System/Library/Frameworks/ApplicationServices.framework/Versions/A/Frameworks/ATS.framework/Versions/A/Resources/libFontRegistry.dylib
0x00000000038a9000 	/System/Library/Frameworks/ImageIO.framework/Versions/A/Resources/libJPEG.dylib
0x00000000038a9000 	/System/Library/Frameworks/ImageIO.framework/Versions/A/Resources/libTIFF.dylib
0x00000000038a9000 	/System/Library/Frameworks/ImageIO.framework/Versions/A/Resources/libPng.dylib
0x00000000038a9000 	/System/Library/Frameworks/ImageIO.framework/Versions/A/Resources/libGIF.dylib
0x00000000038a9000 	/System/Library/Frameworks/ImageIO.framework/Versions/A/Resources/libJP2.dylib
0x00000000038a9000 	/System/Library/Frameworks/ImageIO.framework/Versions/A/Resources/libRadiance.dylib
0x00000000038a9000 	/usr/lib/libcups.2.dylib
0x00000000038a9000 	/System/Library/Frameworks/Kerberos.framework/Versions/A/Kerberos
0x00000000038a9000 	/System/Library/Frameworks/GSS.framework/Versions/A/GSS
0x00000000038a9000 	/usr/lib/libresolv.9.dylib
0x00000000038a9000 	/usr/lib/libiconv.2.dylib
0x00000000038a9000 	/System/Library/PrivateFrameworks/Heimdal.framework/Versions/A/Heimdal
0x00000000038a9000 	/System/Library/PrivateFrameworks/TrustEvaluationAgent.framework/Versions/A/TrustEvaluationAgent
0x00000000038a9000 	/usr/lib/libheimdal-asn1.dylib
0x00000000038a9000 	/System/Library/Frameworks/OpenDirectory.framework/Versions/A/OpenDirectory
0x00000000038a9000 	/System/Library/PrivateFrameworks/CommonAuth.framework/Versions/A/CommonAuth
0x00000000038a9000 	/System/Library/Frameworks/SecurityFoundation.framework/Versions/A/SecurityFoundation
0x00000000038a9000 	/System/Library/PrivateFrameworks/Bom.framework/Versions/A/Bom
0x00000000038a9000 	/System/Library/Frameworks/CoreVideo.framework/Versions/A/CoreVideo
0x00000000038a9000 	/System/Library/Frameworks/QuartzCore.framework/Versions/A/Frameworks/CoreImage.framework/Versions/A/CoreImage
0x00000000038a9000 	/System/Library/Frameworks/QuartzCore.framework/Versions/A/Frameworks/ScalableUserInterface.framework/Versions/A/ScalableUserInterface
0x00000000038a9000 	/System/Library/Frameworks/OpenGL.framework/Versions/A/Libraries/libGLU.dylib
0x00000000038a9000 	/System/Library/Frameworks/OpenGL.framework/Versions/A/Libraries/libGFXShared.dylib
0x00000000038a9000 	/System/Library/Frameworks/OpenGL.framework/Versions/A/Libraries/libGL.dylib
0x00000000038a9000 	/System/Library/Frameworks/OpenGL.framework/Versions/A/Libraries/libGLImage.dylib
0x00000000038a9000 	/System/Library/Frameworks/OpenGL.framework/Versions/A/Libraries/libCVMSPluginSupport.dylib
0x00000000038a9000 	/System/Library/Frameworks/OpenGL.framework/Versions/A/Libraries/libCoreVMClient.dylib
0x00000000038a9000 	/System/Library/PrivateFrameworks/FaceCore.framework/Versions/A/FaceCore
0x00000000038a9000 	/System/Library/PrivateFrameworks/CrashReporterSupport.framework/Versions/A/CrashReporterSupport
0x00000000038a9000 	/System/Library/Frameworks/OpenCL.framework/Versions/A/OpenCL
0x00000000038a9000 	/System/Library/PrivateFrameworks/AppleFSCompression.framework/Versions/A/AppleFSCompression
0x00000000038a9000 	/System/Library/PrivateFrameworks/Ubiquity.framework/Versions/A/Ubiquity
0x00000000038a9000 	/System/Library/PrivateFrameworks/IconServices.framework/Versions/A/IconServices
0x00000000038a9000 	/System/Library/PrivateFrameworks/ChunkingLibrary.framework/Versions/A/ChunkingLibrary
0x00000000038a9000 	/System/Library/PrivateFrameworks/CoreSymbolication.framework/Versions/A/CoreSymbolication
0x00000000038a9000 	/System/Library/PrivateFrameworks/Symbolication.framework/Versions/A/Symbolication
0x00000000038a9000 	/System/Library/PrivateFrameworks/DebugSymbols.framework/Versions/A/DebugSymbols
0x000000010a600000 	/Library/Java/JavaVirtualMachines/jdk1.7.0_40.jdk/Contents/Home/jre/lib/server/libjvm.dylib
0x00000000038a9000 	/usr/lib/libstdc++.6.dylib
0x0000000109593000 	/Library/Java/JavaVirtualMachines/jdk1.7.0_40.jdk/Contents/Home/jre/lib/libverify.dylib
0x00000001095a0000 	/Library/Java/JavaVirtualMachines/jdk1.7.0_40.jdk/Contents/Home/jre/lib/libjava.dylib
0x00000001095da000 	/Library/Java/JavaVirtualMachines/jdk1.7.0_40.jdk/Contents/Home/jre/lib/libzip.dylib
0x00000001095e4000 	/System/Library/Frameworks/JavaVM.framework/Frameworks/JavaRuntimeSupport.framework/JavaRuntimeSupport
0x000000011594a000 	/System/Library/Frameworks/JavaVM.framework/Versions/A/Frameworks/JavaNativeFoundation.framework/Versions/A/JavaNativeFoundation
0x000000011595f000 	/System/Library/Frameworks/JavaVM.framework/Versions/A/JavaVM
0x00000000038a9000 	/System/Library/Frameworks/Carbon.framework/Versions/A/Carbon
0x000000011596c000 	/System/Library/PrivateFrameworks/JavaLaunching.framework/Versions/A/JavaLaunching
0x00000000038a9000 	/System/Library/Frameworks/Carbon.framework/Versions/A/Frameworks/CommonPanels.framework/Versions/A/CommonPanels
0x00000000038a9000 	/System/Library/Frameworks/Carbon.framework/Versions/A/Frameworks/Help.framework/Versions/A/Help
0x00000000038a9000 	/System/Library/Frameworks/Carbon.framework/Versions/A/Frameworks/ImageCapture.framework/Versions/A/ImageCapture
0x00000000038a9000 	/System/Library/Frameworks/Carbon.framework/Versions/A/Frameworks/OpenScripting.framework/Versions/A/OpenScripting
0x00000000038a9000 	/System/Library/Frameworks/Carbon.framework/Versions/A/Frameworks/Print.framework/Versions/A/Print
0x00000000038a9000 	/System/Library/Frameworks/Carbon.framework/Versions/A/Frameworks/SecurityHI.framework/Versions/A/SecurityHI
0x0000000116017000 	/private/var/folders/ch/3fljx1bn731dlhk89838s9jm0000gn/T/libgdxliuweilong/92bf976d/libgdx.dylib
0x00000001160e4000 	/Library/Java/JavaVirtualMachines/jdk1.7.0_40.jdk/Contents/Home/jre/lib/libawt.dylib
0x0000000116193000 	/Library/Java/JavaVirtualMachines/jdk1.7.0_40.jdk/Contents/Home/jre/lib/./libmlib_image.dylib
0x000000011625f000 	/Library/Java/JavaVirtualMachines/jdk1.7.0_40.jdk/Contents/Home/jre/lib/lwawt/liblwawt.dylib
0x0000000116313000 	/Library/Java/JavaVirtualMachines/jdk1.7.0_40.jdk/Contents/Home/jre/lib/libosxapp.dylib
0x00000000038a9000 	/System/Library/Frameworks/ExceptionHandling.framework/Versions/A/ExceptionHandling
0x00000000038a9000 	/System/Library/PrivateFrameworks/CoreServicesInternal.framework/Versions/A/CoreServicesInternal
0x00000000038a9000 	/System/Library/PrivateFrameworks/Librarian.framework/Versions/A/Librarian
0x0000000117bf8000 	/System/Library/Frameworks/CoreGraphics.framework/Versions/A/Resources/libCGCMS.A.dylib
0x0000000117d0a000 	/System/Library/Frameworks/CoreGraphics.framework/Versions/A/Resources/libRIP.A.dylib
0x0000000117f5b000 	/System/Library/Frameworks/CoreGraphics.framework/Versions/A/Resources/libCGXType.A.dylib
0x00000000038a9000 	/System/Library/PrivateFrameworks/FamilyControls.framework/Versions/A/FamilyControls
0x00000000038a9000 	/System/Library/PrivateFrameworks/CommerceKit.framework/Versions/A/Frameworks/CommerceCore.framework/Versions/A/CommerceCore
0x00000000038a9000 	/System/Library/PrivateFrameworks/SystemAdministration.framework/Versions/A/SystemAdministration
0x00000000038a9000 	/System/Library/Frameworks/DirectoryService.framework/Versions/A/DirectoryService
0x00000000038a9000 	/System/Library/PrivateFrameworks/DiskImages.framework/Versions/A/DiskImages
0x00000000038a9000 	/System/Library/PrivateFrameworks/LoginUIKit.framework/Versions/A/Frameworks/LoginUICore.framework/Versions/A/LoginUICore
0x00000000038a9000 	/usr/lib/libCoreStorage.dylib
0x00000000038a9000 	/usr/lib/libcsfde.dylib
0x00000000038a9000 	/usr/lib/libodfde.dylib
0x00000000038a9000 	/System/Library/Frameworks/DiscRecording.framework/Versions/A/DiscRecording
0x00000000038a9000 	/usr/lib/libcurl.4.dylib
0x00000000038a9000 	/System/Library/PrivateFrameworks/MediaKit.framework/Versions/A/MediaKit
0x00000000038a9000 	/System/Library/PrivateFrameworks/EFILogin.framework/Versions/A/EFILogin
0x00000000038a9000 	/usr/lib/libutil.dylib
0x00000000038a9000 	/System/Library/PrivateFrameworks/AOSNotification.framework/Versions/A/AOSNotification
0x00000000038a9000 	/System/Library/Frameworks/LDAP.framework/Versions/A/LDAP
0x00000000038a9000 	/usr/lib/libsasl2.2.dylib
0x00000000038a9000 	/usr/lib/libcrypto.0.9.8.dylib
0x00000000038a9000 	/usr/lib/libssl.0.9.8.dylib
0x000000011a861000 	/Library/Java/JavaVirtualMachines/jdk1.7.0_40.jdk/Contents/Home/jre/lib/libfontmanager.dylib
0x000000011a8cb000 	/private/var/folders/ch/3fljx1bn731dlhk89838s9jm0000gn/T/libgdxliuweilong/75260a42/liblwjgl.jnilib
0x0000000117f29000 	/Library/Java/JavaVirtualMachines/jdk1.7.0_40.jdk/Contents/Home/jre/lib/libjawt.dylib
0x000000011a946000 	/var/folders/ch/3fljx1bn731dlhk89838s9jm0000gn/T/libgdxliuweilong/75260a42/openal.dylib
0x000000011a9a2000 	/System/Library/Components/CoreAudio.component/Contents/MacOS/CoreAudio
0x0000000117f7b000 	/System/Library/Extensions/AppleHDA.kext/Contents/PlugIns/AppleHDAHALPlugIn.bundle/Contents/MacOS/AppleHDAHALPlugIn
0x000000011adf0000 	/System/Library/Frameworks/OpenGL.framework/Resources/GLEngine.bundle/GLEngine
0x00000000038a9000 	/System/Library/Frameworks/OpenGL.framework/Versions/A/Libraries/libGLProgrammability.dylib
0x0000000000000000 	/System/Library/Extensions/AppleIntelHD4000GraphicsGLDriver.bundle/Contents/MacOS/AppleIntelHD4000GraphicsGLDriver
0x00000000038a9000 	/System/Library/PrivateFrameworks/IOAccelerator.framework/Versions/A/IOAccelerator
0x00000000038a9000 	/System/Library/PrivateFrameworks/GPUSupport.framework/Versions/A/Libraries/libGPUSupportMercury.dylib
0x0000000000000000 	/System/Library/Extensions/GeForceGLDriver.bundle/Contents/MacOS/GeForceGLDriver
0x00000000038a9000 	/System/Library/Extensions/GeForceGLDriver.bundle/Contents/MacOS/libclh.dylib
0x000000011b7b6000 	/System/Library/Frameworks/OpenGL.framework/Resources//GLRendererFloat.bundle/GLRendererFloat
0x00000000038a9000 	/System/Library/Frameworks/OpenCL.framework/Versions/A/Libraries/libcldcpuengine.dylib

VM Arguments:
jvm_args: -Dfile.encoding=US-ASCII 
java_command: com.me.passthebomb.Main
Launcher Type: SUN_STANDARD

Environment Variables:
PATH=/usr/bin:/bin:/usr/sbin:/sbin
SHELL=/bin/bash
DISPLAY=/tmp/launch-9k9yO1/org.macosforge.xquartz:0

Signal Handlers:
SIGSEGV: [libjvm.dylib+0x524b25], sa_mask[0]=0xfffefeff, sa_flags=0x00000043
SIGBUS: [libjvm.dylib+0x524b25], sa_mask[0]=0xfffefeff, sa_flags=0x00000042
SIGFPE: [libjvm.dylib+0x4180e6], sa_mask[0]=0xfffefeff, sa_flags=0x00000042
SIGPIPE: [libjvm.dylib+0x4180e6], sa_mask[0]=0xfffefeff, sa_flags=0x00000042
SIGXFSZ: [libjvm.dylib+0x4180e6], sa_mask[0]=0xfffefeff, sa_flags=0x00000042
SIGILL: [libjvm.dylib+0x4180e6], sa_mask[0]=0xfffefeff, sa_flags=0x00000042
SIGUSR1: SIG_DFL, sa_mask[0]=0x00000000, sa_flags=0x00000002
SIGUSR2: [libjvm.dylib+0x417bd8], sa_mask[0]=0x00000004, sa_flags=0x00000042
SIGHUP: [libjvm.dylib+0x415e67], sa_mask[0]=0xfffefeff, sa_flags=0x00000042
SIGINT: [libjvm.dylib+0x415e67], sa_mask[0]=0xfffefeff, sa_flags=0x00000042
SIGTERM: [libjvm.dylib+0x415e67], sa_mask[0]=0xfffefeff, sa_flags=0x00000042
SIGQUIT: [libjvm.dylib+0x415e67], sa_mask[0]=0xfffefeff, sa_flags=0x00000042


---------------  S Y S T E M  ---------------

OS:Bsduname:Darwin 13.1.0 Darwin Kernel Version 13.1.0: Thu Jan 16 19:40:37 PST 2014; root:xnu-2422.90.20~2/RELEASE_X86_64 x86_64
rlimit: STACK 8192k, CORE 0k, NPROC 709, NOFILE 10240, AS infinity
load average:1.69 1.97 2.87

CPU:total 8 (4 cores per cpu, 2 threads per core) family 6 model 58 stepping 9, cmov, cx8, fxsr, mmx, sse, sse2, sse3, ssse3, sse4.1, sse4.2, popcnt, avx, aes, erms, ht, tsc, tscinvbit, tscinv

Memory: 4k page, physical 8388608k(2097152k free)

/proc/meminfo:


vm_info: Java HotSpot(TM) 64-Bit Server VM (24.0-b56) for bsd-amd64 JRE (1.7.0_40-b43), built on Aug 26 2013 21:29:19 by "java_re" with gcc 4.2.1 (Based on Apple Inc. build 5658) (LLVM build 2336.11.00)

time: Wed Mar 26 21:48:12 2014
elapsed time: 88 seconds

