#
# A fatal error has been detected by the Java Runtime Environment:
#
#  SIGSEGV (0xb) at pc=0x00007fff8e638097, pid=53483, tid=1287
#
# JRE version: Java(TM) SE Runtime Environment (7.0_40-b43) (build 1.7.0_40-b43)
# Java VM: Java HotSpot(TM) 64-Bit Server VM (24.0-b56 mixed mode bsd-amd64 compressed oops)
# Problematic frame:
# C  [libobjc.A.dylib+0x5097]  objc_msgSend+0x17
#
# Failed to write core dump. Core dumps have been disabled. To enable core dumping, try "ulimit -c unlimited" before starting Java again
#
# If you would like to submit a bug report, please visit:
#   http://bugreport.sun.com/bugreport/crash.jsp
# The crash happened outside the Java Virtual Machine in native code.
# See problematic frame for where to report the bug.
#

---------------  T H R E A D  ---------------

Current thread (0x00007fec61051800):  JavaThread "AppKit Thread" daemon [_thread_in_native, id=1287, stack(0x00007fff5c06c000,0x00007fff5c0ec000)]

siginfo:si_signo=SIGSEGV: si_errno=0, si_code=0 (SEGV0), si_addr=0x0000000000000000

Registers:
RAX=0x00007fec6280db80, RBX=0x00000000000f42fb, RCX=0x0000000000000000, RDX=0x00007fec60496120
RSP=0x00007fff5c0e74e8, RBP=0x00007fff5c0e74f0, RSI=0x00007fff92fbfb9f, RDI=0x00007fec6280db80
R8 =0x0000000000000040, R9 =0x00007fff5c0e7400, R10=0x00007fff92fbfb9f, R11=0x100007fec6280e78
R12=0x00000000000f42fb, R13=0x00007fff5c0e76b8, R14=0x00007fec6053e970, R15=0x00007fff5c0e7618
RIP=0x00007fff8e638097, EFLAGS=0x0000000000010246, ERR=0x0000000000000000
  TRAPNO=0x000000000000000d

Top of Stack: (sp=0x00007fff5c0e74e8)
0x00007fff5c0e74e8:   00007fff8c87ce0c 00007fff5c0e7850
0x00007fff5c0e74f8:   00007fff8c770a6d 0000000000000003
0x00007fff5c0e7508:   0000000103b30a00 00007fff5c0e7550
0x00007fff5c0e7518:   00007fff8a639272 0000000000000810
0x00007fff5c0e7528:   00000000000f42fd 0000000000000002
0x00007fff5c0e7538:   00007fec62966280 00007fec62965bc0
0x00007fff5c0e7548:   00007fec62b00640 00007fec60496120
0x00007fff5c0e7558:   00007fff5c0e7610 0000000000000000
0x00007fff5c0e7568:   00000000000f42fb 0000000000000056
0x00007fff5c0e7578:   00007fff5c0e7690 0000000000000000
0x00007fff5c0e7588:   0000000000000001 00007fec62b00630
0x00007fff5c0e7598:   000000000000004f 0000000000d3912b
0x00007fff5c0e75a8:   0000010000000000 00007fff7650da60
0x00007fff5c0e75b8:   0000206000ea66ea 0000000076a391b8
0x00007fff5c0e75c8:   0000000000000000 00007fff5c0e76a8
0x00007fff5c0e75d8:   00007fff5c0e7688 00007fff7650da48
0x00007fff5c0e75e8:   0000000000000000 000000000000000f
0x00007fff5c0e75f8:   00007fff88ea66ea 00007fff77f1dd38
0x00007fff5c0e7608:   0000000000000000 00007fec62966300
0x00007fff5c0e7618:   00007fec6053e970 0000000000000000
0x00007fff5c0e7628:   00007fff88ea64a9 0000000000000000
0x00007fff5c0e7638:   00007fff76a3d738 00007fff77edad58
0x00007fff5c0e7648:   00007fff77edad58 00007fff5c0e76f0
0x00007fff5c0e7658:   00007fff88ea7261 00007fff76a3d748
0x00007fff5c0e7668:   00007fff76a3d74c 0000000076a391b8
0x00007fff5c0e7678:   00007fff76a3d738 0000000003b2d001
0x00007fff5c0e7688:   00007fff76a3d750 000000000000004d
0x00007fff5c0e7698:   0000000000000000 00000000000f42e0
0x00007fff5c0e76a8:   000000000000004f 0000000000000000
0x00007fff5c0e76b8:   00000000000f42fb 000000015c0e7760
0x00007fff5c0e76c8:   00007fff88ea7261 00007fff76a3d748
0x00007fff5c0e76d8:   00007fff76a3d74c 0000000076a391b8 

Instructions: (pc=0x00007fff8e638097)
0x00007fff8e638077:   90 90 90 90 90 90 90 90 90 48 85 ff 2e 74 72 40
0x00007fff8e638087:   f6 c7 01 2e 0f 85 7e 00 00 00 4c 8b 1f 49 89 f2
0x00007fff8e638097:   45 23 53 18 49 c1 e2 04 4d 03 53 10 49 3b 32 75
0x00007fff8e6380a7:   04 41 ff 62 08 49 83 3a 00 74 74 4d 3b 53 10 74 

Register to memory mapping:

RAX=0x00007fec6280db80 is an unknown value
RBX=0x00000000000f42fb is an unknown value
RCX=0x0000000000000000 is an unknown value
RDX=0x00007fec60496120 is an unknown value
RSP=0x00007fff5c0e74e8 is pointing into the stack for thread: 0x00007fec61051800
RBP=0x00007fff5c0e74f0 is pointing into the stack for thread: 0x00007fec61051800
RSI=0x00007fff92fbfb9f: NSAppKitVersionNumber+0x5358f in /System/Library/Frameworks/AppKit.framework/Versions/C/AppKit at 0x00007fff9251c000
RDI=0x00007fec6280db80 is an unknown value
R8 =0x0000000000000040 is an unknown value
R9 =0x00007fff5c0e7400 is pointing into the stack for thread: 0x00007fec61051800
R10=0x00007fff92fbfb9f: NSAppKitVersionNumber+0x5358f in /System/Library/Frameworks/AppKit.framework/Versions/C/AppKit at 0x00007fff9251c000
R11=0x100007fec6280e78 is an unknown value
R12=0x00000000000f42fb is an unknown value
R13=0x00007fff5c0e76b8 is pointing into the stack for thread: 0x00007fec61051800
R14=0x00007fec6053e970 is an unknown value
R15=0x00007fff5c0e7618 is pointing into the stack for thread: 0x00007fec61051800


Stack: [0x00007fff5c06c000,0x00007fff5c0ec000],  sp=0x00007fff5c0e74e8,  free space=493k
Native frames: (J=compiled Java code, j=interpreted, Vv=VM code, C=native code)
C  [libobjc.A.dylib+0x5097]  objc_msgSend+0x17
C  [CoreFoundation+0x10a6d]  _CFXNotificationPost+0xb4d
C  [Foundation+0x27ba]  -[NSNotificationCenter postNotificationName:object:userInfo:]+0x44
C  [AppKit+0x10f719]  -[NSSurface _disposeSurface]+0x98
C  [AppKit+0x10f1b5]  -[NSSurface setWindow:]+0x46
C  [AppKit+0x3b0b7]  -[NSView _setWindow:]+0x8ea
C  [AppKit+0x3c10a]  -[NSView removeFromSuperview]+0x15e
C  [AppKit+0x98889]  -[NSView removeFromSuperviewWithoutNeedingDisplay]+0x26
C  [liblwjgl.jnilib+0x936e]  +[MacOSXKeyableWindow destroyWindow]+0xde
C  [Foundation+0x6313e]  __NSThreadPerformPerform+0xe5
C  [CoreFoundation+0x7f731]  __CFRUNLOOP_IS_CALLING_OUT_TO_A_SOURCE0_PERFORM_FUNCTION__+0x11
C  [CoreFoundation+0x70ea2]  __CFRunLoopDoSources0+0xf2
C  [CoreFoundation+0x7062f]  __CFRunLoopRun+0x33f
C  [CoreFoundation+0x700b5]  CFRunLoopRunSpecific+0x135
C  [HIToolbox+0x2ea0d]  RunCurrentEventLoopInMode+0xe2
C  [HIToolbox+0x2e7b7]  ReceiveNextEventCommon+0x1df
C  [HIToolbox+0x2e5bc]  _BlockUntilNextEventMatchingListInModeWithFilter+0x41
C  [AppKit+0x243de]  _DPSNextEvent+0x59a
C  [AppKit+0x23a2b]  -[NSApplication nextEventMatchingMask:untilDate:inMode:dequeue:]+0x7a
C  [libosxapp.dylib+0x16f4]  -[NSApplicationAWT nextEventMatchingMask:untilDate:inMode:dequeue:]+0x7c
C  [AppKit+0x17b2c]  -[NSApplication run]+0x229
C  [libosxapp.dylib+0x1557]  +[NSApplicationAWT runAWTLoopWithApp:]+0x9c
C  [liblwawt.dylib+0xdb99]  -[AWTStarter starter:]+0x369
C  [Foundation+0x6313e]  __NSThreadPerformPerform+0xe5
C  [CoreFoundation+0x7f731]  __CFRUNLOOP_IS_CALLING_OUT_TO_A_SOURCE0_PERFORM_FUNCTION__+0x11
C  [CoreFoundation+0x70ea2]  __CFRunLoopDoSources0+0xf2
C  [CoreFoundation+0x7062f]  __CFRunLoopRun+0x33f
C  [CoreFoundation+0x700b5]  CFRunLoopRunSpecific+0x135
C  [java+0x73b0]  CreateExecutionEnvironment+0x367
C  [java+0x1b5c]  JLI_Launch+0x7a0
C  [java+0x770d]  main+0x65
C  [java+0x13b4]  start+0x34


---------------  P R O C E S S  ---------------

Java Threads: ( => current thread )
  0x00007fec6087c800 JavaThread "AWT-Shutdown" [_thread_blocked, id=76311, stack(0x0000000116d47000,0x0000000116e47000)]
  0x00007fec61001000 JavaThread "DestroyJavaVM" [_thread_blocked, id=6403, stack(0x0000000103c29000,0x0000000103d29000)]
  0x00007fec6305a800 JavaThread "LWJGL Application" [_thread_in_native, id=69635, stack(0x000000011551f000,0x000000011561f000)]
=>0x00007fec61051800 JavaThread "AppKit Thread" daemon [_thread_in_native, id=1287, stack(0x00007fff5c06c000,0x00007fff5c0ec000)]
  0x00007fec61846000 JavaThread "Service Thread" daemon [_thread_blocked, id=21251, stack(0x0000000110525000,0x0000000110625000)]
  0x00007fec61845800 JavaThread "C2 CompilerThread1" daemon [_thread_blocked, id=20739, stack(0x0000000110422000,0x0000000110522000)]
  0x00007fec61844000 JavaThread "C2 CompilerThread0" daemon [_thread_blocked, id=20227, stack(0x000000011031f000,0x000000011041f000)]
  0x00007fec6080f000 JavaThread "Signal Dispatcher" daemon [_thread_blocked, id=19715, stack(0x000000011021c000,0x000000011031c000)]
  0x00007fec61842000 JavaThread "Finalizer" daemon [_thread_blocked, id=14595, stack(0x000000010ffcd000,0x00000001100cd000)]
  0x00007fec60812000 JavaThread "Reference Handler" daemon [_thread_blocked, id=14083, stack(0x000000010feca000,0x000000010ffca000)]

Other Threads:
  0x00007fec6183f800 VMThread [stack: 0x000000010fdc7000,0x000000010fec7000] [id=13571]
  0x00007fec6184f000 WatcherThread [stack: 0x0000000110628000,0x0000000110728000] [id=21763]

VM state:not at safepoint (normal execution)

VM Mutex/Monitor currently owned by a thread: None

Heap
 PSYoungGen      total 38912K, used 12373K [0x00000007d5500000, 0x00000007d8000000, 0x0000000800000000)
  eden space 33792K, 21% used [0x00000007d5500000,0x00000007d5c3de88,0x00000007d7600000)
  from space 5120K, 96% used [0x00000007d7600000,0x00000007d7ad77b8,0x00000007d7b00000)
  to   space 5120K, 0% used [0x00000007d7b00000,0x00000007d7b00000,0x00000007d8000000)
 ParOldGen       total 87040K, used 16K [0x0000000780000000, 0x0000000785500000, 0x00000007d5500000)
  object space 87040K, 0% used [0x0000000780000000,0x0000000780004000,0x0000000785500000)
 PSPermGen       total 21504K, used 9468K [0x000000077ae00000, 0x000000077c300000, 0x0000000780000000)
  object space 21504K, 44% used [0x000000077ae00000,0x000000077b73f0f0,0x000000077c300000)

Card table byte_map: [0x0000000108912000,0x0000000108d3c000] byte_map_base: 0x0000000104d3b000

Polling page: 0x0000000103d68000

Code Cache  [0x0000000105852000, 0x0000000105ac2000, 0x0000000108852000)
 total_blobs=739 nmethods=363 adapters=330 free_code_cache=47913Kb largest_free_block=49031744

Compilation events (10 events):
Event: 244.931 Thread 0x00007fec61844000  361 % !         com.badlogic.gdx.backends.lwjgl.LwjglApplication::mainLoop @ 94 (820 bytes)
Event: 244.969 Thread 0x00007fec61844000 nmethod 361% 0x0000000105986b10 code [0x0000000105986fe0, 0x0000000105989a98]
Event: 657.666 Thread 0x00007fec61845800  363   !         sun.nio.cs.ISO_8859_1$Decoder::decodeArrayLoop (263 bytes)
Event: 657.667 Thread 0x00007fec61844000  364             java.lang.Integer::parseInt (7 bytes)
Event: 657.667 Thread 0x00007fec61844000 nmethod 364 0x0000000105983c50 code [0x0000000105983da0, 0x0000000105983e08]
Event: 657.673 Thread 0x00007fec61845800 nmethod 363 0x000000010597fc10 code [0x000000010597fdc0, 0x00000001059802d0]
Event: 658.640 Thread 0x00007fec61844000  365             com.badlogic.gdx.scenes.scene2d.Group::drawChildren (559 bytes)
Event: 658.657 Thread 0x00007fec61845800  366             com.badlogic.gdx.scenes.scene2d.Stage::draw (59 bytes)
Event: 658.657 Thread 0x00007fec61844000 nmethod 365 0x000000010598da10 code [0x000000010598dc20, 0x000000010598e7f0]
Event: 658.667 Thread 0x00007fec61845800 nmethod 366 0x0000000105984b50 code [0x0000000105984e40, 0x0000000105985888]

GC Heap History (2 events):
Event: 234.461 GC heap before
{Heap before GC invocations=1 (full 0):
 PSYoungGen      total 38912K, used 33792K [0x00000007d5500000, 0x00000007d8000000, 0x0000000800000000)
  eden space 33792K, 100% used [0x00000007d5500000,0x00000007d7600000,0x00000007d7600000)
  from space 5120K, 0% used [0x00000007d7b00000,0x00000007d7b00000,0x00000007d8000000)
  to   space 5120K, 0% used [0x00000007d7600000,0x00000007d7600000,0x00000007d7b00000)
 ParOldGen       total 87040K, used 0K [0x0000000780000000, 0x0000000785500000, 0x00000007d5500000)
  object space 87040K, 0% used [0x0000000780000000,0x0000000780000000,0x0000000785500000)
 PSPermGen       total 21504K, used 9458K [0x000000077ae00000, 0x000000077c300000, 0x0000000780000000)
  object space 21504K, 43% used [0x000000077ae00000,0x000000077b73ca28,0x000000077c300000)
Event: 234.469 GC heap after
Heap after GC invocations=1 (full 0):
 PSYoungGen      total 38912K, used 4957K [0x00000007d5500000, 0x00000007d8000000, 0x0000000800000000)
  eden space 33792K, 0% used [0x00000007d5500000,0x00000007d5500000,0x00000007d7600000)
  from space 5120K, 96% used [0x00000007d7600000,0x00000007d7ad77b8,0x00000007d7b00000)
  to   space 5120K, 0% used [0x00000007d7b00000,0x00000007d7b00000,0x00000007d8000000)
 ParOldGen       total 87040K, used 16K [0x0000000780000000, 0x0000000785500000, 0x00000007d5500000)
  object space 87040K, 0% used [0x0000000780000000,0x0000000780004000,0x0000000785500000)
 PSPermGen       total 21504K, used 9458K [0x000000077ae00000, 0x000000077c300000, 0x0000000780000000)
  object space 21504K, 43% used [0x000000077ae00000,0x000000077b73ca28,0x000000077c300000)
}

Deoptimization events (10 events):
Event: 657.655 Thread 0x00007fec6305a800 Uncommon trap: reason=unreached action=reinterpret pc=0x0000000105947194 method=com.badlogic.gdx.utils.SnapshotArray.modified()V @ 4
Event: 657.670 Thread 0x00007fec6305a800 Uncommon trap: reason=unreached action=reinterpret pc=0x00000001059474ac method=com.badlogic.gdx.utils.SnapshotArray.end()V @ 30
Event: 657.670 Thread 0x00007fec6305a800 Uncommon trap: reason=class_check action=maybe_recompile pc=0x0000000105978bec method=com.badlogic.gdx.Game.render()V @ 19
Event: 657.670 Thread 0x00007fec6305a800 Uncommon trap: reason=bimorphic action=maybe_recompile pc=0x0000000105934a08 method=com.badlogic.gdx.scenes.scene2d.Group.drawChildren(Lcom/badlogic/gdx/graphics/g2d/SpriteBatch;F)V @ 409
Event: 657.688 Thread 0x00007fec6305a800 Uncommon trap: reason=class_check action=maybe_recompile pc=0x0000000105978bec method=com.badlogic.gdx.Game.render()V @ 19
Event: 657.688 Thread 0x00007fec6305a800 Uncommon trap: reason=bimorphic action=maybe_recompile pc=0x0000000105934a08 method=com.badlogic.gdx.scenes.scene2d.Group.drawChildren(Lcom/badlogic/gdx/graphics/g2d/SpriteBatch;F)V @ 409
Event: 657.705 Thread 0x00007fec6305a800 Uncommon trap: reason=class_check action=maybe_recompile pc=0x0000000105978bec method=com.badlogic.gdx.Game.render()V @ 19
Event: 657.705 Thread 0x00007fec6305a800 Uncommon trap: reason=bimorphic action=maybe_recompile pc=0x0000000105934a08 method=com.badlogic.gdx.scenes.scene2d.Group.drawChildren(Lcom/badlogic/gdx/graphics/g2d/SpriteBatch;F)V @ 409
Event: 657.721 Thread 0x00007fec6305a800 Uncommon trap: reason=class_check action=maybe_recompile pc=0x0000000105978bec method=com.badlogic.gdx.Game.render()V @ 19
Event: 657.722 Thread 0x00007fec6305a800 Uncommon trap: reason=bimorphic action=maybe_recompile pc=0x0000000105934a08 method=com.badlogic.gdx.scenes.scene2d.Group.drawChildren(Lcom/badlogic/gdx/graphics/g2d/SpriteBatch;F)V @ 409

Internal exceptions (10 events):
Event: 8.486 Thread 0x00007fec6305a800 Threw 0x00000007d6dc22b0 at /HUDSON/workspace/jdk7u40-2-build-macosx-amd64-product/jdk7u40/hotspot/src/share/vm/prims/jvm.cpp:1244
Event: 8.659 Thread 0x00007fec6305a800 Threw 0x00000007d6df3f70 at /HUDSON/workspace/jdk7u40-2-build-macosx-amd64-product/jdk7u40/hotspot/src/share/vm/prims/jvm.cpp:1244
Event: 8.669 Thread 0x00007fec6305a800 Threw 0x00000007d6e0b3c8 at /HUDSON/workspace/jdk7u40-2-build-macosx-amd64-product/jdk7u40/hotspot/src/share/vm/prims/jvm.cpp:1244
Event: 8.670 Thread 0x00007fec6305a800 Threw 0x00000007d6ec5f38 at /HUDSON/workspace/jdk7u40-2-build-macosx-amd64-product/jdk7u40/hotspot/src/share/vm/prims/jvm.cpp:1244
Event: 8.681 Thread 0x00007fec6305a800 Threw 0x00000007d6f3b2c8 at /HUDSON/workspace/jdk7u40-2-build-macosx-amd64-product/jdk7u40/hotspot/src/share/vm/prims/jvm.cpp:1244
Event: 18.634 Thread 0x00007fec630a0800 Threw 0x00000007d7265470 at /HUDSON/workspace/jdk7u40-2-build-macosx-amd64-product/jdk7u40/hotspot/src/share/vm/prims/jvm.cpp:1244
Event: 18.651 Thread 0x00007fec6305a800 Threw 0x00000007d71d7470 at /HUDSON/workspace/jdk7u40-2-build-macosx-amd64-product/jdk7u40/hotspot/src/share/vm/prims/jvm.cpp:1244
Event: 18.666 Thread 0x00007fec6305a800 Threw 0x00000007d7337f28 at /HUDSON/workspace/jdk7u40-2-build-macosx-amd64-product/jdk7u40/hotspot/src/share/vm/prims/jvm.cpp:1244
Event: 659.041 Thread 0x00007fec6305a800 Threw 0x00000007d5c21998 at /HUDSON/workspace/jdk7u40-2-build-macosx-amd64-product/jdk7u40/hotspot/src/share/vm/prims/jvm.cpp:1244
Event: 659.048 Thread 0x00007fec6305a800 Threw 0x00000007d5c271b0 at /HUDSON/workspace/jdk7u40-2-build-macosx-amd64-product/jdk7u40/hotspot/src/share/vm/prims/jvm.cpp:1244

Events (10 events):
Event: 657.722 Thread 0x00007fec6305a800 Uncommon trap: trap_request=0xffffffc6 fr.pc=0x0000000105934a08
Event: 657.722 Thread 0x00007fec6305a800 DEOPT PACKING pc=0x0000000105934a08 sp=0x000000011561e720
Event: 657.722 Thread 0x00007fec6305a800 DEOPT UNPACKING pc=0x000000010588b045 sp=0x000000011561e6a0 mode 2
Event: 659.041 loading class 0x00007fec60611bf0
Event: 659.041 loading class 0x00007fec60611bf0 done
Event: 659.042 Executing VM operation: RevokeBias
Event: 659.042 Executing VM operation: RevokeBias done
Event: 659.042 Thread 0x00007fec61953000 Thread exited: 0x00007fec61953000
Event: 659.048 loading class 0x00007fec6280cd80
Event: 659.048 loading class 0x00007fec6280cd80 done


Dynamic libraries:
0x00000000057b4000 	/System/Library/Frameworks/Cocoa.framework/Versions/A/Cocoa
0x00000000057b4000 	/System/Library/Frameworks/Security.framework/Versions/A/Security
0x00000000057b4000 	/System/Library/Frameworks/ApplicationServices.framework/Versions/A/ApplicationServices
0x00000000057b4000 	/usr/lib/libz.1.dylib
0x00000000057b4000 	/usr/lib/libSystem.B.dylib
0x00000000057b4000 	/usr/lib/libobjc.A.dylib
0x00000000057b4000 	/System/Library/Frameworks/CoreFoundation.framework/Versions/A/CoreFoundation
0x00000000057b4000 	/System/Library/Frameworks/Foundation.framework/Versions/C/Foundation
0x00000000057b4000 	/System/Library/Frameworks/AppKit.framework/Versions/C/AppKit
0x00000000057b4000 	/System/Library/Frameworks/CoreData.framework/Versions/A/CoreData
0x00000000057b4000 	/System/Library/PrivateFrameworks/RemoteViewServices.framework/Versions/A/RemoteViewServices
0x00000000057b4000 	/System/Library/Frameworks/AudioToolbox.framework/Versions/A/AudioToolbox
0x00000000057b4000 	/System/Library/Frameworks/AudioUnit.framework/Versions/A/AudioUnit
0x00000000057b4000 	/System/Library/PrivateFrameworks/DataDetectorsCore.framework/Versions/A/DataDetectorsCore
0x00000000057b4000 	/System/Library/PrivateFrameworks/DesktopServicesPriv.framework/Versions/A/DesktopServicesPriv
0x00000000057b4000 	/System/Library/Frameworks/Carbon.framework/Versions/A/Frameworks/HIToolbox.framework/Versions/A/HIToolbox
0x00000000057b4000 	/System/Library/Frameworks/QuartzCore.framework/Versions/A/QuartzCore
0x00000000057b4000 	/System/Library/Frameworks/Carbon.framework/Versions/A/Frameworks/SpeechRecognition.framework/Versions/A/SpeechRecognition
0x00000000057b4000 	/usr/lib/libauto.dylib
0x00000000057b4000 	/usr/lib/libicucore.A.dylib
0x00000000057b4000 	/usr/lib/libxml2.2.dylib
0x00000000057b4000 	/System/Library/PrivateFrameworks/CoreUI.framework/Versions/A/CoreUI
0x00000000057b4000 	/System/Library/Frameworks/CoreAudio.framework/Versions/A/CoreAudio
0x00000000057b4000 	/System/Library/Frameworks/DiskArbitration.framework/Versions/A/DiskArbitration
0x00000000057b4000 	/usr/lib/liblangid.dylib
0x00000000057b4000 	/System/Library/PrivateFrameworks/MultitouchSupport.framework/Versions/A/MultitouchSupport
0x00000000057b4000 	/System/Library/Frameworks/IOKit.framework/Versions/A/IOKit
0x00000000057b4000 	/usr/lib/libDiagnosticMessagesClient.dylib
0x00000000057b4000 	/System/Library/Frameworks/CoreServices.framework/Versions/A/CoreServices
0x00000000057b4000 	/System/Library/PrivateFrameworks/PerformanceAnalysis.framework/Versions/A/PerformanceAnalysis
0x00000000057b4000 	/System/Library/PrivateFrameworks/GenerationalStorage.framework/Versions/A/GenerationalStorage
0x00000000057b4000 	/System/Library/Frameworks/OpenGL.framework/Versions/A/OpenGL
0x00000000057b4000 	/System/Library/PrivateFrameworks/Sharing.framework/Versions/A/Sharing
0x00000000057b4000 	/System/Library/Frameworks/ImageIO.framework/Versions/A/ImageIO
0x00000000057b4000 	/System/Library/Frameworks/CoreText.framework/Versions/A/CoreText
0x00000000057b4000 	/System/Library/Frameworks/CoreGraphics.framework/Versions/A/CoreGraphics
0x00000000057b4000 	/System/Library/PrivateFrameworks/Backup.framework/Versions/A/Backup
0x00000000057b4000 	/System/Library/Frameworks/CFNetwork.framework/Versions/A/CFNetwork
0x00000000057b4000 	/System/Library/Frameworks/SystemConfiguration.framework/Versions/A/SystemConfiguration
0x00000000057b4000 	/usr/lib/libCRFSuite.dylib
0x00000000057b4000 	/usr/lib/libc++.1.dylib
0x00000000057b4000 	/usr/lib/libc++abi.dylib
0x00000000057b4000 	/usr/lib/system/libcache.dylib
0x00000000057b4000 	/usr/lib/system/libcommonCrypto.dylib
0x00000000057b4000 	/usr/lib/system/libcompiler_rt.dylib
0x00000000057b4000 	/usr/lib/system/libcopyfile.dylib
0x00000000057b4000 	/usr/lib/system/libcorecrypto.dylib
0x00000000057b4000 	/usr/lib/system/libdispatch.dylib
0x00000000057b4000 	/usr/lib/system/libdyld.dylib
0x00000000057b4000 	/usr/lib/system/libkeymgr.dylib
0x00000000057b4000 	/usr/lib/system/liblaunch.dylib
0x00000000057b4000 	/usr/lib/system/libmacho.dylib
0x00000000057b4000 	/usr/lib/system/libquarantine.dylib
0x00000000057b4000 	/usr/lib/system/libremovefile.dylib
0x00000000057b4000 	/usr/lib/system/libsystem_asl.dylib
0x00000000057b4000 	/usr/lib/system/libsystem_blocks.dylib
0x00000000057b4000 	/usr/lib/system/libsystem_c.dylib
0x00000000057b4000 	/usr/lib/system/libsystem_configuration.dylib
0x00000000057b4000 	/usr/lib/system/libsystem_dnssd.dylib
0x00000000057b4000 	/usr/lib/system/libsystem_info.dylib
0x00000000057b4000 	/usr/lib/system/libsystem_kernel.dylib
0x00000000057b4000 	/usr/lib/system/libsystem_m.dylib
0x00000000057b4000 	/usr/lib/system/libsystem_malloc.dylib
0x00000000057b4000 	/usr/lib/system/libsystem_network.dylib
0x00000000057b4000 	/usr/lib/system/libsystem_notify.dylib
0x00000000057b4000 	/usr/lib/system/libsystem_platform.dylib
0x00000000057b4000 	/usr/lib/system/libsystem_pthread.dylib
0x00000000057b4000 	/usr/lib/system/libsystem_sandbox.dylib
0x00000000057b4000 	/usr/lib/system/libsystem_stats.dylib
0x00000000057b4000 	/usr/lib/system/libunc.dylib
0x00000000057b4000 	/usr/lib/system/libunwind.dylib
0x00000000057b4000 	/usr/lib/system/libxpc.dylib
0x00000000057b4000 	/usr/lib/libbsm.0.dylib
0x00000000057b4000 	/usr/lib/libsqlite3.dylib
0x00000000057b4000 	/usr/lib/libxar.1.dylib
0x00000000057b4000 	/usr/lib/libpam.2.dylib
0x00000000057b4000 	/usr/lib/libOpenScriptingUtil.dylib
0x00000000057b4000 	/usr/lib/libbz2.1.0.dylib
0x00000000057b4000 	/System/Library/Frameworks/CoreServices.framework/Versions/A/Frameworks/CarbonCore.framework/Versions/A/CarbonCore
0x00000000057b4000 	/System/Library/Frameworks/CoreServices.framework/Versions/A/Frameworks/Metadata.framework/Versions/A/Metadata
0x00000000057b4000 	/System/Library/Frameworks/CoreServices.framework/Versions/A/Frameworks/OSServices.framework/Versions/A/OSServices
0x00000000057b4000 	/System/Library/Frameworks/CoreServices.framework/Versions/A/Frameworks/SearchKit.framework/Versions/A/SearchKit
0x00000000057b4000 	/System/Library/Frameworks/CoreServices.framework/Versions/A/Frameworks/AE.framework/Versions/A/AE
0x00000000057b4000 	/System/Library/Frameworks/CoreServices.framework/Versions/A/Frameworks/LaunchServices.framework/Versions/A/LaunchServices
0x00000000057b4000 	/System/Library/Frameworks/CoreServices.framework/Versions/A/Frameworks/DictionaryServices.framework/Versions/A/DictionaryServices
0x00000000057b4000 	/System/Library/Frameworks/NetFS.framework/Versions/A/NetFS
0x00000000057b4000 	/usr/lib/system/libkxld.dylib
0x00000000057b4000 	/System/Library/PrivateFrameworks/NetAuth.framework/Versions/A/NetAuth
0x00000000057b4000 	/System/Library/PrivateFrameworks/TCC.framework/Versions/A/TCC
0x00000000057b4000 	/System/Library/Frameworks/OpenDirectory.framework/Versions/A/Frameworks/CFOpenDirectory.framework/Versions/A/CFOpenDirectory
0x00000000057b4000 	/System/Library/Frameworks/ServiceManagement.framework/Versions/A/ServiceManagement
0x00000000057b4000 	/usr/lib/libxslt.1.dylib
0x00000000057b4000 	/System/Library/Frameworks/Carbon.framework/Versions/A/Frameworks/Ink.framework/Versions/A/Ink
0x00000000057b4000 	/System/Library/Frameworks/ApplicationServices.framework/Versions/A/Frameworks/ATS.framework/Versions/A/ATS
0x00000000057b4000 	/System/Library/Frameworks/ApplicationServices.framework/Versions/A/Frameworks/ColorSync.framework/Versions/A/ColorSync
0x00000000057b4000 	/System/Library/Frameworks/ApplicationServices.framework/Versions/A/Frameworks/HIServices.framework/Versions/A/HIServices
0x00000000057b4000 	/System/Library/Frameworks/ApplicationServices.framework/Versions/A/Frameworks/LangAnalysis.framework/Versions/A/LangAnalysis
0x00000000057b4000 	/System/Library/Frameworks/ApplicationServices.framework/Versions/A/Frameworks/PrintCore.framework/Versions/A/PrintCore
0x00000000057b4000 	/System/Library/Frameworks/ApplicationServices.framework/Versions/A/Frameworks/QD.framework/Versions/A/QD
0x00000000057b4000 	/System/Library/Frameworks/ApplicationServices.framework/Versions/A/Frameworks/SpeechSynthesis.framework/Versions/A/SpeechSynthesis
0x00000000057b4000 	/System/Library/Frameworks/IOSurface.framework/Versions/A/IOSurface
0x00000000057b4000 	/System/Library/Frameworks/Accelerate.framework/Versions/A/Accelerate
0x00000000057b4000 	/System/Library/Frameworks/Accelerate.framework/Versions/A/Frameworks/vImage.framework/Versions/A/vImage
0x00000000057b4000 	/System/Library/Frameworks/Accelerate.framework/Versions/A/Frameworks/vecLib.framework/Versions/A/vecLib
0x00000000057b4000 	/System/Library/Frameworks/Accelerate.framework/Versions/A/Frameworks/vecLib.framework/Versions/A/libvDSP.dylib
0x00000000057b4000 	/System/Library/Frameworks/Accelerate.framework/Versions/A/Frameworks/vecLib.framework/Versions/A/libvMisc.dylib
0x00000000057b4000 	/System/Library/Frameworks/Accelerate.framework/Versions/A/Frameworks/vecLib.framework/Versions/A/libLAPACK.dylib
0x00000000057b4000 	/System/Library/Frameworks/Accelerate.framework/Versions/A/Frameworks/vecLib.framework/Versions/A/libBLAS.dylib
0x00000000057b4000 	/System/Library/Frameworks/ApplicationServices.framework/Versions/A/Frameworks/ATS.framework/Versions/A/Resources/libFontParser.dylib
0x00000000057b4000 	/System/Library/Frameworks/ApplicationServices.framework/Versions/A/Frameworks/ATS.framework/Versions/A/Resources/libFontRegistry.dylib
0x00000000057b4000 	/System/Library/Frameworks/ImageIO.framework/Versions/A/Resources/libJPEG.dylib
0x00000000057b4000 	/System/Library/Frameworks/ImageIO.framework/Versions/A/Resources/libTIFF.dylib
0x00000000057b4000 	/System/Library/Frameworks/ImageIO.framework/Versions/A/Resources/libPng.dylib
0x00000000057b4000 	/System/Library/Frameworks/ImageIO.framework/Versions/A/Resources/libGIF.dylib
0x00000000057b4000 	/System/Library/Frameworks/ImageIO.framework/Versions/A/Resources/libJP2.dylib
0x00000000057b4000 	/System/Library/Frameworks/ImageIO.framework/Versions/A/Resources/libRadiance.dylib
0x00000000057b4000 	/usr/lib/libcups.2.dylib
0x00000000057b4000 	/System/Library/Frameworks/Kerberos.framework/Versions/A/Kerberos
0x00000000057b4000 	/System/Library/Frameworks/GSS.framework/Versions/A/GSS
0x00000000057b4000 	/usr/lib/libresolv.9.dylib
0x00000000057b4000 	/usr/lib/libiconv.2.dylib
0x00000000057b4000 	/System/Library/PrivateFrameworks/Heimdal.framework/Versions/A/Heimdal
0x00000000057b4000 	/System/Library/PrivateFrameworks/TrustEvaluationAgent.framework/Versions/A/TrustEvaluationAgent
0x00000000057b4000 	/usr/lib/libheimdal-asn1.dylib
0x00000000057b4000 	/System/Library/Frameworks/OpenDirectory.framework/Versions/A/OpenDirectory
0x00000000057b4000 	/System/Library/PrivateFrameworks/CommonAuth.framework/Versions/A/CommonAuth
0x00000000057b4000 	/System/Library/Frameworks/SecurityFoundation.framework/Versions/A/SecurityFoundation
0x00000000057b4000 	/System/Library/PrivateFrameworks/Bom.framework/Versions/A/Bom
0x00000000057b4000 	/System/Library/Frameworks/CoreVideo.framework/Versions/A/CoreVideo
0x00000000057b4000 	/System/Library/Frameworks/QuartzCore.framework/Versions/A/Frameworks/CoreImage.framework/Versions/A/CoreImage
0x00000000057b4000 	/System/Library/Frameworks/QuartzCore.framework/Versions/A/Frameworks/ScalableUserInterface.framework/Versions/A/ScalableUserInterface
0x00000000057b4000 	/System/Library/Frameworks/OpenGL.framework/Versions/A/Libraries/libGLU.dylib
0x00000000057b4000 	/System/Library/Frameworks/OpenGL.framework/Versions/A/Libraries/libGFXShared.dylib
0x00000000057b4000 	/System/Library/Frameworks/OpenGL.framework/Versions/A/Libraries/libGL.dylib
0x00000000057b4000 	/System/Library/Frameworks/OpenGL.framework/Versions/A/Libraries/libGLImage.dylib
0x00000000057b4000 	/System/Library/Frameworks/OpenGL.framework/Versions/A/Libraries/libCVMSPluginSupport.dylib
0x00000000057b4000 	/System/Library/Frameworks/OpenGL.framework/Versions/A/Libraries/libCoreVMClient.dylib
0x00000000057b4000 	/System/Library/PrivateFrameworks/FaceCore.framework/Versions/A/FaceCore
0x00000000057b4000 	/System/Library/PrivateFrameworks/CrashReporterSupport.framework/Versions/A/CrashReporterSupport
0x00000000057b4000 	/System/Library/Frameworks/OpenCL.framework/Versions/A/OpenCL
0x00000000057b4000 	/System/Library/PrivateFrameworks/AppleFSCompression.framework/Versions/A/AppleFSCompression
0x00000000057b4000 	/System/Library/PrivateFrameworks/Ubiquity.framework/Versions/A/Ubiquity
0x00000000057b4000 	/System/Library/PrivateFrameworks/IconServices.framework/Versions/A/IconServices
0x00000000057b4000 	/System/Library/PrivateFrameworks/ChunkingLibrary.framework/Versions/A/ChunkingLibrary
0x00000000057b4000 	/System/Library/PrivateFrameworks/CoreSymbolication.framework/Versions/A/CoreSymbolication
0x00000000057b4000 	/System/Library/PrivateFrameworks/Symbolication.framework/Versions/A/Symbolication
0x00000000057b4000 	/System/Library/PrivateFrameworks/DebugSymbols.framework/Versions/A/DebugSymbols
0x0000000104e00000 	/Library/Java/JavaVirtualMachines/jdk1.7.0_40.jdk/Contents/Home/jre/lib/server/libjvm.dylib
0x00000000057b4000 	/usr/lib/libstdc++.6.dylib
0x0000000103d2b000 	/Library/Java/JavaVirtualMachines/jdk1.7.0_40.jdk/Contents/Home/jre/lib/libverify.dylib
0x0000000103d38000 	/Library/Java/JavaVirtualMachines/jdk1.7.0_40.jdk/Contents/Home/jre/lib/libjava.dylib
0x0000000103d72000 	/Library/Java/JavaVirtualMachines/jdk1.7.0_40.jdk/Contents/Home/jre/lib/libzip.dylib
0x00000001100cf000 	/System/Library/Frameworks/JavaVM.framework/Frameworks/JavaRuntimeSupport.framework/JavaRuntimeSupport
0x00000001100e7000 	/System/Library/Frameworks/JavaVM.framework/Versions/A/Frameworks/JavaNativeFoundation.framework/Versions/A/JavaNativeFoundation
0x00000001100fc000 	/System/Library/Frameworks/JavaVM.framework/Versions/A/JavaVM
0x00000000057b4000 	/System/Library/Frameworks/Carbon.framework/Versions/A/Carbon
0x0000000110109000 	/System/Library/PrivateFrameworks/JavaLaunching.framework/Versions/A/JavaLaunching
0x00000000057b4000 	/System/Library/Frameworks/Carbon.framework/Versions/A/Frameworks/CommonPanels.framework/Versions/A/CommonPanels
0x00000000057b4000 	/System/Library/Frameworks/Carbon.framework/Versions/A/Frameworks/Help.framework/Versions/A/Help
0x00000000057b4000 	/System/Library/Frameworks/Carbon.framework/Versions/A/Frameworks/ImageCapture.framework/Versions/A/ImageCapture
0x00000000057b4000 	/System/Library/Frameworks/Carbon.framework/Versions/A/Frameworks/OpenScripting.framework/Versions/A/OpenScripting
0x00000000057b4000 	/System/Library/Frameworks/Carbon.framework/Versions/A/Frameworks/Print.framework/Versions/A/Print
0x00000000057b4000 	/System/Library/Frameworks/Carbon.framework/Versions/A/Frameworks/SecurityHI.framework/Versions/A/SecurityHI
0x000000011089b000 	/private/var/folders/ch/3fljx1bn731dlhk89838s9jm0000gn/T/libgdxliuweilong/92bf976d/libgdx.dylib
0x00000001108ff000 	/Library/Java/JavaVirtualMachines/jdk1.7.0_40.jdk/Contents/Home/jre/lib/libawt.dylib
0x00000001109ae000 	/Library/Java/JavaVirtualMachines/jdk1.7.0_40.jdk/Contents/Home/jre/lib/./libmlib_image.dylib
0x0000000110a9c000 	/Library/Java/JavaVirtualMachines/jdk1.7.0_40.jdk/Contents/Home/jre/lib/lwawt/liblwawt.dylib
0x0000000110b50000 	/Library/Java/JavaVirtualMachines/jdk1.7.0_40.jdk/Contents/Home/jre/lib/libosxapp.dylib
0x00000000057b4000 	/System/Library/Frameworks/ExceptionHandling.framework/Versions/A/ExceptionHandling
0x00000000057b4000 	/System/Library/PrivateFrameworks/CoreServicesInternal.framework/Versions/A/CoreServicesInternal
0x00000000057b4000 	/System/Library/PrivateFrameworks/Librarian.framework/Versions/A/Librarian
0x00000000057b4000 	/System/Library/Frameworks/CoreGraphics.framework/Versions/A/Resources/libCGCMS.A.dylib
0x00000000057b4000 	/System/Library/Frameworks/CoreGraphics.framework/Versions/A/Resources/libRIP.A.dylib
0x00000000057b4000 	/System/Library/Frameworks/CoreGraphics.framework/Versions/A/Resources/libCGXType.A.dylib
0x00000000057b4000 	/System/Library/PrivateFrameworks/FamilyControls.framework/Versions/A/FamilyControls
0x00000000057b4000 	/System/Library/PrivateFrameworks/CommerceKit.framework/Versions/A/Frameworks/CommerceCore.framework/Versions/A/CommerceCore
0x00000000057b4000 	/System/Library/PrivateFrameworks/SystemAdministration.framework/Versions/A/SystemAdministration
0x00000000057b4000 	/System/Library/Frameworks/DirectoryService.framework/Versions/A/DirectoryService
0x00000000057b4000 	/System/Library/PrivateFrameworks/DiskImages.framework/Versions/A/DiskImages
0x00000000057b4000 	/System/Library/PrivateFrameworks/LoginUIKit.framework/Versions/A/Frameworks/LoginUICore.framework/Versions/A/LoginUICore
0x00000000057b4000 	/usr/lib/libCoreStorage.dylib
0x00000000057b4000 	/usr/lib/libcsfde.dylib
0x00000000057b4000 	/usr/lib/libodfde.dylib
0x00000000057b4000 	/System/Library/Frameworks/DiscRecording.framework/Versions/A/DiscRecording
0x00000000057b4000 	/usr/lib/libcurl.4.dylib
0x00000000057b4000 	/System/Library/PrivateFrameworks/MediaKit.framework/Versions/A/MediaKit
0x00000000057b4000 	/System/Library/PrivateFrameworks/EFILogin.framework/Versions/A/EFILogin
0x00000000057b4000 	/usr/lib/libutil.dylib
0x00000000057b4000 	/System/Library/PrivateFrameworks/AOSNotification.framework/Versions/A/AOSNotification
0x00000000057b4000 	/System/Library/Frameworks/LDAP.framework/Versions/A/LDAP
0x00000000057b4000 	/usr/lib/libsasl2.2.dylib
0x00000000057b4000 	/usr/lib/libcrypto.0.9.8.dylib
0x00000000057b4000 	/usr/lib/libssl.0.9.8.dylib
0x0000000115076000 	/Library/Java/JavaVirtualMachines/jdk1.7.0_40.jdk/Contents/Home/jre/lib/libfontmanager.dylib
0x00000001150e0000 	/private/var/folders/ch/3fljx1bn731dlhk89838s9jm0000gn/T/libgdxliuweilong/75260a42/liblwjgl.jnilib
0x00000001126e4000 	/Library/Java/JavaVirtualMachines/jdk1.7.0_40.jdk/Contents/Home/jre/lib/libjawt.dylib
0x000000011515b000 	/var/folders/ch/3fljx1bn731dlhk89838s9jm0000gn/T/libgdxliuweilong/75260a42/openal.dylib
0x00000001151ca000 	/System/Library/Components/CoreAudio.component/Contents/MacOS/CoreAudio
0x0000000115445000 	/System/Library/Extensions/AppleHDA.kext/Contents/PlugIns/AppleHDAHALPlugIn.bundle/Contents/MacOS/AppleHDAHALPlugIn
0x00000000057b4000 	/System/Library/Frameworks/OpenGL.framework/Versions/A/Resources/GLEngine.bundle/GLEngine
0x00000000057b4000 	/System/Library/Frameworks/OpenGL.framework/Versions/A/Libraries/libGLProgrammability.dylib
0x0000000000000000 	/System/Library/Extensions/AppleIntelHD4000GraphicsGLDriver.bundle/Contents/MacOS/AppleIntelHD4000GraphicsGLDriver
0x00000000057b4000 	/System/Library/PrivateFrameworks/IOAccelerator.framework/Versions/A/IOAccelerator
0x00000000057b4000 	/System/Library/PrivateFrameworks/GPUSupport.framework/Versions/A/Libraries/libGPUSupportMercury.dylib
0x0000000000000000 	/System/Library/Extensions/GeForceGLDriver.bundle/Contents/MacOS/GeForceGLDriver
0x00000000057b4000 	/System/Library/Extensions/GeForceGLDriver.bundle/Contents/MacOS/libclh.dylib
0x00000000057b4000 	/System/Library/Frameworks/OpenGL.framework/Versions/A/Resources/GLRendererFloat.bundle/GLRendererFloat
0x00000000057b4000 	/System/Library/Frameworks/OpenCL.framework/Versions/A/Libraries/libcldcpuengine.dylib
0x0000000116fa8000 	/Library/Java/JavaVirtualMachines/jdk1.7.0_40.jdk/Contents/Home/jre/lib/libnet.dylib
0x0000000116fbd000 	/Library/Java/JavaVirtualMachines/jdk1.7.0_40.jdk/Contents/Home/jre/lib/libsunec.dylib

VM Arguments:
jvm_args: -Dfile.encoding=US-ASCII 
java_command: com.me.passthebomb.Main
Launcher Type: SUN_STANDARD

Environment Variables:
PATH=/usr/bin:/bin:/usr/sbin:/sbin
SHELL=/bin/bash
DISPLAY=/tmp/launch-4zGubJ/org.macosforge.xquartz:0

Signal Handlers:
SIGSEGV: [libjvm.dylib+0x524b25], sa_mask[0]=0xfffefeff, sa_flags=0x00000043
SIGBUS: [libjvm.dylib+0x524b25], sa_mask[0]=0xfffefeff, sa_flags=0x00000042
SIGFPE: [libjvm.dylib+0x4180e6], sa_mask[0]=0xfffefeff, sa_flags=0x00000042
SIGPIPE: [libjvm.dylib+0x4180e6], sa_mask[0]=0xfffefeff, sa_flags=0x00000042
SIGXFSZ: [libjvm.dylib+0x4180e6], sa_mask[0]=0xfffefeff, sa_flags=0x00000042
SIGILL: [libjvm.dylib+0x4180e6], sa_mask[0]=0xfffefeff, sa_flags=0x00000042
SIGUSR1: SIG_DFL, sa_mask[0]=0x00000000, sa_flags=0x00000002
SIGUSR2: [libjvm.dylib+0x417bd8], sa_mask[0]=0x00000004, sa_flags=0x00000042
SIGHUP: [libjvm.dylib+0x415e67], sa_mask[0]=0xfffefeff, sa_flags=0x00000042
SIGINT: [libjvm.dylib+0x415e67], sa_mask[0]=0xfffefeff, sa_flags=0x00000042
SIGTERM: [libjvm.dylib+0x415e67], sa_mask[0]=0xfffefeff, sa_flags=0x00000042
SIGQUIT: [libjvm.dylib+0x415e67], sa_mask[0]=0xfffefeff, sa_flags=0x00000042


---------------  S Y S T E M  ---------------

OS:Bsduname:Darwin 13.1.0 Darwin Kernel Version 13.1.0: Thu Jan 16 19:40:37 PST 2014; root:xnu-2422.90.20~2/RELEASE_X86_64 x86_64
rlimit: STACK 8192k, CORE 0k, NPROC 709, NOFILE 10240, AS infinity
load average:1.59 1.64 2.24

CPU:total 8 (4 cores per cpu, 2 threads per core) family 6 model 58 stepping 9, cmov, cx8, fxsr, mmx, sse, sse2, sse3, ssse3, sse4.1, sse4.2, popcnt, avx, aes, erms, ht, tsc, tscinvbit, tscinv

Memory: 4k page, physical 8388608k(2097152k free)

/proc/meminfo:


vm_info: Java HotSpot(TM) 64-Bit Server VM (24.0-b56) for bsd-amd64 JRE (1.7.0_40-b43), built on Aug 26 2013 21:29:19 by "java_re" with gcc 4.2.1 (Based on Apple Inc. build 5658) (LLVM build 2336.11.00)

time: Wed Apr 23 21:23:08 2014
elapsed time: 659 seconds

